Exporter version: 6.4.5, Blender version: 2.83.3
========= Conversion from Blender to Babylon.js =========
	Scene settings used :
		Inline textures     :  false
		Material Type       :  PBR
		Positions Precision :  4
		Normals Precision   :  3
		UVs Precision       :  3
		Vert Color Precision:  3
		Mat Weight Precision:  2
		Keep Z-up r-handed  :  no
		Texture directory   :  C:\Users\HP\Documents\Visual Studio Code\Babylon.js\
	Python World class constructor completed
	WARNING: No active camera has been assigned, or is not in a currently selected Blender layer
	processing begun of mesh:  Final_multimeter
		processing begun of material:  lambert3SG
		processing begun of material:  lambert4SG
		processing begun of material:  lambert5SG
		processing begun of multimaterial:  multimeter.Multimaterial#0
		Custom split normals with tangents being used
		num positions      :  3769
		num normals        :  3769
		num tangents       :  15076
		num uvs            :  7538
		num uvs2           :  0
		num colors         :  0
		num triangles      :  1810
========= Writing of JSON file started =========
	writing mesh:  Final_multimeter
========= Writing of JSON file completed =========
========= end of processing =========
elapsed time:  0 min, 1.6311 secs
